<?xml version="1.0" encoding="UTF-8"?>
<!-- Generated by org.testng.reporters.JUnitXMLReporter -->
<testsuite ignored="0" hostname="DESKTOP-TQD0UK7" failures="1" tests="19" name="Test" time="17.701" errors="0" timestamp="2024-03-10T20:00:08 IST">
  <testcase classname="mvnpractice.MavenParameterizationTest" name="loginTest" time="17.155">
    <failure type="org.openqa.selenium.WebDriverException" message="disconnected: received Inspector.detached event
  (failed to check if window was closed: disconnected: not connected to DevTools)
  (Session info: chrome=122.0.6261.112)
Build info: version: &amp;apos;3.141.59&amp;apos;, revision: &amp;apos;e82be7d358&amp;apos;, time: &amp;apos;2018-11-14T08:17:03&amp;apos;
System info: host: &amp;apos;DESKTOP-TQD0UK7&amp;apos;, ip: &amp;apos;192.168.111.1&amp;apos;, os.name: &amp;apos;Windows 10&amp;apos;, os.arch: &amp;apos;amd64&amp;apos;, os.version: &amp;apos;10.0&amp;apos;, java.version: &amp;apos;17.0.8&amp;apos;
Driver info: driver.version: ChromeDriver
remote stacktrace: 	GetHandleVerifier [0x00007FF6AE04AD32+56930]
	(No symbol) [0x00007FF6ADFBF632]
	(No symbol) [0x00007FF6ADE742E5]
	(No symbol) [0x00007FF6ADE6379C]
	(No symbol) [0x00007FF6ADE62D19]
	(No symbol) [0x00007FF6ADE61EF4]
	(No symbol) [0x00007FF6ADE61E11]
	(No symbol) [0x00007FF6ADE60625]
	(No symbol) [0x00007FF6ADE60EDC]
	(No symbol) [0x00007FF6ADE5F896]
	(No symbol) [0x00007FF6ADE66872]
	(No symbol) [0x00007FF6ADE5F605]
	(No symbol) [0x00007FF6ADE61A1A]
	(No symbol) [0x00007FF6ADE60625]
	(No symbol) [0x00007FF6ADE60EDC]
	(No symbol) [0x00007FF6ADE5F896]
	(No symbol) [0x00007FF6ADE573C2]
	(No symbol) [0x00007FF6ADE5F605]
	(No symbol) [0x00007FF6ADE5ECE8]
	(No symbol) [0x00007FF6ADE5E8DD]
	(No symbol) [0x00007FF6ADE763A1]
	(No symbol) [0x00007FF6ADE5142A]
	(No symbol) [0x00007FF6ADE50EE0]
	(No symbol) [0x00007FF6ADEE5ACE]
	(No symbol) [0x00007FF6ADEE54C0]
	(No symbol) [0x00007FF6ADEDBA43]
	(No symbol) [0x00007FF6ADEAD438]
	(No symbol) [0x00007FF6ADEAE4D1]
	GetHandleVerifier [0x00007FF6AE3C6ABD+3709933]
	GetHandleVerifier [0x00007FF6AE41FFFD+4075821]
	GetHandleVerifier [0x00007FF6AE41818F+4043455]
	GetHandleVerifier [0x00007FF6AE0E9766+706710]
	(No symbol) [0x00007FF6ADFCB90F]
	(No symbol) [0x00007FF6ADFC6AF4]
	(No symbol) [0x00007FF6ADFC6C4C]
	(No symbol) [0x00007FF6ADFB6904]
	BaseThreadInitThunk [0x00007FF981447344+20]
	RtlUserThreadStart [0x00007FF981F626B1+33]
">
      <![CDATA[org.openqa.selenium.WebDriverException: disconnected: received Inspector.detached event
  (failed to check if window was closed: disconnected: not connected to DevTools)
  (Session info: chrome=122.0.6261.112)
Build info: version: '3.141.59', revision: 'e82be7d358', time: '2018-11-14T08:17:03'
System info: host: 'DESKTOP-TQD0UK7', ip: '192.168.111.1', os.name: 'Windows 10', os.arch: 'amd64', os.version: '10.0', java.version: '17.0.8'
Driver info: driver.version: ChromeDriver
remote stacktrace: GetHandleVerifier [0x00007FF6AE04AD32+56930]
(No symbol) [0x00007FF6ADFBF632]
(No symbol) [0x00007FF6ADE742E5]
(No symbol) [0x00007FF6ADE6379C]
(No symbol) [0x00007FF6ADE62D19]
(No symbol) [0x00007FF6ADE61EF4]
(No symbol) [0x00007FF6ADE61E11]
(No symbol) [0x00007FF6ADE60625]
(No symbol) [0x00007FF6ADE60EDC]
(No symbol) [0x00007FF6ADE5F896]
(No symbol) [0x00007FF6ADE66872]
(No symbol) [0x00007FF6ADE5F605]
(No symbol) [0x00007FF6ADE61A1A]
(No symbol) [0x00007FF6ADE60625]
(No symbol) [0x00007FF6ADE60EDC]
(No symbol) [0x00007FF6ADE5F896]
(No symbol) [0x00007FF6ADE573C2]
(No symbol) [0x00007FF6ADE5F605]
(No symbol) [0x00007FF6ADE5ECE8]
(No symbol) [0x00007FF6ADE5E8DD]
(No symbol) [0x00007FF6ADE763A1]
(No symbol) [0x00007FF6ADE5142A]
(No symbol) [0x00007FF6ADE50EE0]
(No symbol) [0x00007FF6ADEE5ACE]
(No symbol) [0x00007FF6ADEE54C0]
(No symbol) [0x00007FF6ADEDBA43]
(No symbol) [0x00007FF6ADEAD438]
(No symbol) [0x00007FF6ADEAE4D1]
GetHandleVerifier [0x00007FF6AE3C6ABD+3709933]
GetHandleVerifier [0x00007FF6AE41FFFD+4075821]
GetHandleVerifier [0x00007FF6AE41818F+4043455]
GetHandleVerifier [0x00007FF6AE0E9766+706710]
(No symbol) [0x00007FF6ADFCB90F]
(No symbol) [0x00007FF6ADFC6AF4]
(No symbol) [0x00007FF6ADFC6C4C]
(No symbol) [0x00007FF6ADFB6904]
BaseThreadInitThunk [0x00007FF981447344+20]
RtlUserThreadStart [0x00007FF981F626B1+33]

at org.openqa.selenium.remote.W3CHandshakeResponse.lambda$errorHandler$0(W3CHandshakeResponse.java:62)
at org.openqa.selenium.remote.HandshakeResponse.lambda$getResponseFunction$0(HandshakeResponse.java:30)
at org.openqa.selenium.remote.ProtocolHandshake.lambda$createSession$0(ProtocolHandshake.java:126)
at java.base/java.util.stream.ReferencePipeline$3$1.accept(ReferencePipeline.java:197)
at java.base/java.util.Spliterators$ArraySpliterator.tryAdvance(Spliterators.java:1002)
at java.base/java.util.stream.ReferencePipeline.forEachWithCancel(ReferencePipeline.java:129)
at java.base/java.util.stream.AbstractPipeline.copyIntoWithCancel(AbstractPipeline.java:527)
at java.base/java.util.stream.AbstractPipeline.copyInto(AbstractPipeline.java:513)
at java.base/java.util.stream.AbstractPipeline.wrapAndCopyInto(AbstractPipeline.java:499)
at java.base/java.util.stream.FindOps$FindOp.evaluateSequential(FindOps.java:150)
at java.base/java.util.stream.AbstractPipeline.evaluate(AbstractPipeline.java:234)
at java.base/java.util.stream.ReferencePipeline.findFirst(ReferencePipeline.java:647)
at org.openqa.selenium.remote.ProtocolHandshake.createSession(ProtocolHandshake.java:128)
at org.openqa.selenium.remote.ProtocolHandshake.createSession(ProtocolHandshake.java:74)
at org.openqa.selenium.remote.HttpCommandExecutor.execute(HttpCommandExecutor.java:136)
at org.openqa.selenium.remote.service.DriverCommandExecutor.execute(DriverCommandExecutor.java:83)
at org.openqa.selenium.remote.RemoteWebDriver.execute(RemoteWebDriver.java:552)
at org.openqa.selenium.remote.RemoteWebDriver.startSession(RemoteWebDriver.java:213)
at org.openqa.selenium.remote.RemoteWebDriver.<init>(RemoteWebDriver.java:131)
at org.openqa.selenium.chrome.ChromeDriver.<init>(ChromeDriver.java:181)
at org.openqa.selenium.chrome.ChromeDriver.<init>(ChromeDriver.java:168)
at org.openqa.selenium.chrome.ChromeDriver.<init>(ChromeDriver.java:123)
at mvnpractice.MavenParameterizationTest.loginTest(MavenParameterizationTest.java:17)
at java.base/java.util.ArrayList.forEach(ArrayList.java:1511)
... Removed 32 stack frames]]>
    </failure>
  </testcase> <!-- loginTest -->
  <testcase classname="mvnpractice.Test1" name="demo1" time="0.01"/>
  <testcase classname="mvnpractice.Test1" name="demo2" time="0.009"/>
  <testcase classname="mvnpractice.Test1" name="demo3" time="0.003"/>
  <testcase classname="mvnpractice.Test1" name="demo4" time="0.008"/>
  <testcase classname="mvnpractice.Test1" name="demo5" time="0.002"/>
  <testcase classname="mvnpractice.Test1" name="demo6" time="0.007"/>
  <testcase classname="mvnpractice.Test2" name="demo1" time="0.005"/>
  <testcase classname="mvnpractice.Test2" name="demo2" time="0.01"/>
  <testcase classname="mvnpractice.Test2" name="demo3" time="0.004"/>
  <testcase classname="mvnpractice.Test2" name="demo4" time="0.011"/>
  <testcase classname="mvnpractice.Test2" name="demo5" time="0.012"/>
  <testcase classname="mvnpractice.Test2" name="demo6" time="0.002"/>
  <testcase classname="mvnpractice.Test3" name="demo1" time="0.008"/>
  <testcase classname="mvnpractice.Test3" name="demo2" time="0.008"/>
  <testcase classname="mvnpractice.Test3" name="demo3" time="0.002"/>
  <testcase classname="mvnpractice.Test3" name="demo4" time="0.01"/>
  <testcase classname="mvnpractice.Test3" name="demo5" time="0.002"/>
  <testcase classname="mvnpractice.Test3" name="demo6" time="0.002"/>
</testsuite> <!-- Test -->
