<?xml version="1.0" encoding="UTF-8"?>
<!-- Generated by org.testng.reporters.JUnitReportReporter -->
<testsuite hostname="DESKTOP-TQD0UK7" failures="0" tests="1" name="mvnpractice.MavenParameterizationTest" time="17.155" errors="1" timestamp="2024-03-10T20:00:09 IST" skipped="0">
  <testcase classname="mvnpractice.MavenParameterizationTest" name="loginTest" time="17.155">
    <error message="disconnected: received Inspector.detached event
  (failed to check if window was closed: disconnected: not connected to DevTools)
  (Session info: chrome=122.0.6261.112)
Build info: version: &#039;3.141.59&#039;, revision: &#039;e82be7d358&#039;, time: &#039;2018-11-14T08:17:03&#039;
System info: host: &#039;DESKTOP-TQD0UK7&#039;, ip: &#039;192.168.111.1&#039;, os.name: &#039;Windows 10&#039;, os.arch: &#039;amd64&#039;, os.version: &#039;10.0&#039;, java.version: &#039;17.0.8&#039;
Driver info: driver.version: ChromeDriver
remote stacktrace: 	GetHandleVerifier [0x00007FF6AE04AD32+56930]
	(No symbol) [0x00007FF6ADFBF632]
	(No symbol) [0x00007FF6ADE742E5]
	(No symbol) [0x00007FF6ADE6379C]
	(No symbol) [0x00007FF6ADE62D19]
	(No symbol) [0x00007FF6ADE61EF4]
	(No symbol) [0x00007FF6ADE61E11]
	(No symbol) [0x00007FF6ADE60625]
	(No symbol) [0x00007FF6ADE60EDC]
	(No symbol) [0x00007FF6ADE5F896]
	(No symbol) [0x00007FF6ADE66872]
	(No symbol) [0x00007FF6ADE5F605]
	(No symbol) [0x00007FF6ADE61A1A]
	(No symbol) [0x00007FF6ADE60625]
	(No symbol) [0x00007FF6ADE60EDC]
	(No symbol) [0x00007FF6ADE5F896]
	(No symbol) [0x00007FF6ADE573C2]
	(No symbol) [0x00007FF6ADE5F605]
	(No symbol) [0x00007FF6ADE5ECE8]
	(No symbol) [0x00007FF6ADE5E8DD]
	(No symbol) [0x00007FF6ADE763A1]
	(No symbol) [0x00007FF6ADE5142A]
	(No symbol) [0x00007FF6ADE50EE0]
	(No symbol) [0x00007FF6ADEE5ACE]
	(No symbol) [0x00007FF6ADEE54C0]
	(No symbol) [0x00007FF6ADEDBA43]
	(No symbol) [0x00007FF6ADEAD438]
	(No symbol) [0x00007FF6ADEAE4D1]
	GetHandleVerifier [0x00007FF6AE3C6ABD+3709933]
	GetHandleVerifier [0x00007FF6AE41FFFD+4075821]
	GetHandleVerifier [0x00007FF6AE41818F+4043455]
	GetHandleVerifier [0x00007FF6AE0E9766+706710]
	(No symbol) [0x00007FF6ADFCB90F]
	(No symbol) [0x00007FF6ADFC6AF4]
	(No symbol) [0x00007FF6ADFC6C4C]
	(No symbol) [0x00007FF6ADFB6904]
	BaseThreadInitThunk [0x00007FF981447344+20]
	RtlUserThreadStart [0x00007FF981F626B1+33]
" type="org.openqa.selenium.WebDriverException">
      <![CDATA[org.openqa.selenium.WebDriverException: disconnected: received Inspector.detached event
  (failed to check if window was closed: disconnected: not connected to DevTools)
  (Session info: chrome=122.0.6261.112)
Build info: version: '3.141.59', revision: 'e82be7d358', time: '2018-11-14T08:17:03'
System info: host: 'DESKTOP-TQD0UK7', ip: '192.168.111.1', os.name: 'Windows 10', os.arch: 'amd64', os.version: '10.0', java.version: '17.0.8'
Driver info: driver.version: ChromeDriver
remote stacktrace: GetHandleVerifier [0x00007FF6AE04AD32+56930]
(No symbol) [0x00007FF6ADFBF632]
(No symbol) [0x00007FF6ADE742E5]
(No symbol) [0x00007FF6ADE6379C]
(No symbol) [0x00007FF6ADE62D19]
(No symbol) [0x00007FF6ADE61EF4]
(No symbol) [0x00007FF6ADE61E11]
(No symbol) [0x00007FF6ADE60625]
(No symbol) [0x00007FF6ADE60EDC]
(No symbol) [0x00007FF6ADE5F896]
(No symbol) [0x00007FF6ADE66872]
(No symbol) [0x00007FF6ADE5F605]
(No symbol) [0x00007FF6ADE61A1A]
(No symbol) [0x00007FF6ADE60625]
(No symbol) [0x00007FF6ADE60EDC]
(No symbol) [0x00007FF6ADE5F896]
(No symbol) [0x00007FF6ADE573C2]
(No symbol) [0x00007FF6ADE5F605]
(No symbol) [0x00007FF6ADE5ECE8]
(No symbol) [0x00007FF6ADE5E8DD]
(No symbol) [0x00007FF6ADE763A1]
(No symbol) [0x00007FF6ADE5142A]
(No symbol) [0x00007FF6ADE50EE0]
(No symbol) [0x00007FF6ADEE5ACE]
(No symbol) [0x00007FF6ADEE54C0]
(No symbol) [0x00007FF6ADEDBA43]
(No symbol) [0x00007FF6ADEAD438]
(No symbol) [0x00007FF6ADEAE4D1]
GetHandleVerifier [0x00007FF6AE3C6ABD+3709933]
GetHandleVerifier [0x00007FF6AE41FFFD+4075821]
GetHandleVerifier [0x00007FF6AE41818F+4043455]
GetHandleVerifier [0x00007FF6AE0E9766+706710]
(No symbol) [0x00007FF6ADFCB90F]
(No symbol) [0x00007FF6ADFC6AF4]
(No symbol) [0x00007FF6ADFC6C4C]
(No symbol) [0x00007FF6ADFB6904]
BaseThreadInitThunk [0x00007FF981447344+20]
RtlUserThreadStart [0x00007FF981F626B1+33]

at java.base/jdk.internal.reflect.NativeConstructorAccessorImpl.newInstance0(Native Method)
at java.base/jdk.internal.reflect.NativeConstructorAccessorImpl.newInstance(NativeConstructorAccessorImpl.java:77)
at java.base/jdk.internal.reflect.DelegatingConstructorAccessorImpl.newInstance(DelegatingConstructorAccessorImpl.java:45)
at java.base/java.lang.reflect.Constructor.newInstanceWithCaller(Constructor.java:499)
at java.base/java.lang.reflect.Constructor.newInstance(Constructor.java:480)
at org.openqa.selenium.remote.W3CHandshakeResponse.lambda$errorHandler$0(W3CHandshakeResponse.java:62)
at org.openqa.selenium.remote.HandshakeResponse.lambda$getResponseFunction$0(HandshakeResponse.java:30)
at org.openqa.selenium.remote.ProtocolHandshake.lambda$createSession$0(ProtocolHandshake.java:126)
at java.base/java.util.stream.ReferencePipeline$3$1.accept(ReferencePipeline.java:197)
at java.base/java.util.Spliterators$ArraySpliterator.tryAdvance(Spliterators.java:1002)
at java.base/java.util.stream.ReferencePipeline.forEachWithCancel(ReferencePipeline.java:129)
at java.base/java.util.stream.AbstractPipeline.copyIntoWithCancel(AbstractPipeline.java:527)
at java.base/java.util.stream.AbstractPipeline.copyInto(AbstractPipeline.java:513)
at java.base/java.util.stream.AbstractPipeline.wrapAndCopyInto(AbstractPipeline.java:499)
at java.base/java.util.stream.FindOps$FindOp.evaluateSequential(FindOps.java:150)
at java.base/java.util.stream.AbstractPipeline.evaluate(AbstractPipeline.java:234)
at java.base/java.util.stream.ReferencePipeline.findFirst(ReferencePipeline.java:647)
at org.openqa.selenium.remote.ProtocolHandshake.createSession(ProtocolHandshake.java:128)
at org.openqa.selenium.remote.ProtocolHandshake.createSession(ProtocolHandshake.java:74)
at org.openqa.selenium.remote.HttpCommandExecutor.execute(HttpCommandExecutor.java:136)
at org.openqa.selenium.remote.service.DriverCommandExecutor.execute(DriverCommandExecutor.java:83)
at org.openqa.selenium.remote.RemoteWebDriver.execute(RemoteWebDriver.java:552)
at org.openqa.selenium.remote.RemoteWebDriver.startSession(RemoteWebDriver.java:213)
at org.openqa.selenium.remote.RemoteWebDriver.<init>(RemoteWebDriver.java:131)
at org.openqa.selenium.chrome.ChromeDriver.<init>(ChromeDriver.java:181)
at org.openqa.selenium.chrome.ChromeDriver.<init>(ChromeDriver.java:168)
at org.openqa.selenium.chrome.ChromeDriver.<init>(ChromeDriver.java:123)
at mvnpractice.MavenParameterizationTest.loginTest(MavenParameterizationTest.java:17)
at java.base/jdk.internal.reflect.NativeMethodAccessorImpl.invoke0(Native Method)
at java.base/jdk.internal.reflect.NativeMethodAccessorImpl.invoke(NativeMethodAccessorImpl.java:77)
at java.base/jdk.internal.reflect.DelegatingMethodAccessorImpl.invoke(DelegatingMethodAccessorImpl.java:43)
at java.base/java.lang.reflect.Method.invoke(Method.java:568)
at org.testng.internal.invokers.MethodInvocationHelper.invokeMethod(MethodInvocationHelper.java:139)
at org.testng.internal.invokers.TestInvoker.invokeMethod(TestInvoker.java:677)
at org.testng.internal.invokers.TestInvoker.invokeTestMethod(TestInvoker.java:221)
at org.testng.internal.invokers.MethodRunner.runInSequence(MethodRunner.java:50)
at org.testng.internal.invokers.TestInvoker$MethodInvocationAgent.invoke(TestInvoker.java:969)
at org.testng.internal.invokers.TestInvoker.invokeTestMethods(TestInvoker.java:194)
at org.testng.internal.invokers.TestMethodWorker.invokeTestMethods(TestMethodWorker.java:148)
at org.testng.internal.invokers.TestMethodWorker.run(TestMethodWorker.java:128)
at java.base/java.util.ArrayList.forEach(ArrayList.java:1511)
at org.testng.TestRunner.privateRun(TestRunner.java:829)
at org.testng.TestRunner.run(TestRunner.java:602)
at org.testng.SuiteRunner.runTest(SuiteRunner.java:437)
at org.testng.SuiteRunner.runSequentially(SuiteRunner.java:431)
at org.testng.SuiteRunner.privateRun(SuiteRunner.java:391)
at org.testng.SuiteRunner.run(SuiteRunner.java:330)
at org.testng.SuiteRunnerWorker.runSuite(SuiteRunnerWorker.java:52)
at org.testng.SuiteRunnerWorker.run(SuiteRunnerWorker.java:95)
at org.testng.TestNG.runSuitesSequentially(TestNG.java:1256)
at org.testng.TestNG.runSuitesLocally(TestNG.java:1176)
at org.testng.TestNG.runSuites(TestNG.java:1099)
at org.testng.TestNG.run(TestNG.java:1067)
at org.testng.remote.AbstractRemoteTestNG.run(AbstractRemoteTestNG.java:115)
at org.testng.remote.RemoteTestNG.initAndRun(RemoteTestNG.java:251)
at org.testng.remote.RemoteTestNG.main(RemoteTestNG.java:77)
]]>
    </error>
  </testcase> <!-- loginTest -->
  <system-out/>
</testsuite> <!-- mvnpractice.MavenParameterizationTest -->
